#
# A fatal error has been detected by the Java Runtime Environment:
#
#  SIGSEGV (0xb) at pc=0x0000000109608b2f, pid=9745, tid=20995
#
# JRE version: Java(TM) SE Runtime Environment (8.0_60-b27) (build 1.8.0_60-b27)
# Java VM: Java HotSpot(TM) 64-Bit Server VM (25.60-b23 mixed mode bsd-amd64 compressed oops)
# Problematic frame:
# V  [libjvm.dylib+0x534b2f]  FieldType::is_array(Symbol*)+0x4
#
# Failed to write core dump. Core dumps have been disabled. To enable core dumping, try "ulimit -c unlimited" before starting Java again
#
# If you would like to submit a bug report, please visit:
#   http://bugreport.java.com/bugreport/crash.jsp
#

---------------  T H R E A D  ---------------

Current thread (0x00007fce7d8c3800):  JavaThread "pool-2-thread-2" [_thread_in_vm, id=20995, stack(0x00007000012d3000,0x00007000013d3000)]

siginfo: si_signo: 11 (SIGSEGV), si_code: 1 (SEGV_MAPERR), si_addr: 0x00007f4e7bf1f120

Registers:
RAX=0x00007fce7be1d988, RBX=0x00007fce7d8c3800, RCX=0x00007fce7d8c3800, RDX=0x00007fce7be1d988
RSP=0x00007000013d12c0, RBP=0x00007000013d12c0, RSI=0x00007fce7be1d980, RDI=0x00007f4e7bf1f120
R8 =0x00007fce7d8c3800, R9 =0x0000000000000017, R10=0x00000001099c1100, R11=0x000000010a29a540
R12=0x00007f4e7bf1f120, R13=0x00007f4e7bf1f120, R14=0x00007fce7be1d988, R15=0x00007fce7be1d980
RIP=0x0000000109608b2f, EFLAGS=0x0000000000010202, ERR=0x0000000000000004
  TRAPNO=0x000000000000000e

Top of Stack: (sp=0x00007000013d12c0)
0x00007000013d12c0:   00007000013d1320 000000010960778b
0x00007000013d12d0:   00007000013d2a30 000000002d2e9236
0x00007000013d12e0:   000000008f4a6b77 00007fce7d8c3800
0x00007000013d12f0:   00007fce7bd160c0 00007fce7d8c3800
0x00007000013d1300:   00007fce7be1d980 00007f4e7bf1f120
0x00007000013d1310:   0000000000000001 00007fce7be1d988
0x00007000013d1320:   00007000013d1360 0000000109607edb
0x00007000013d1330:   00007000013d1360 000000011c6b6e38
0x00007000013d1340:   00007000013d1b00 00007f4e7bf1f120
0x00007000013d1350:   00007fce7d8c3800 00000007aab7af70
0x00007000013d1360:   00007000013d1af0 00000001092b5796
0x00007000013d1370:   00007000013d1b00 00007fce7d8c3800
0x00007000013d1380:   00000000000000d0 00007fce7d8c3800
0x00007000013d1390:   0000000000000002 000000011c7a4ae8
0x00007000013d13a0:   00007000013d1b30 00007fce7d8c3800
0x00007000013d13b0:   00007000013d1b40 00007fce7d8c3800
0x00007000013d13c0:   0000000000000002 00007fce7d8c3800
0x00007000013d13d0:   00007000013d1b60 00007fce7d8c3800
0x00007000013d13e0:   00007000013d1b70 00007fce7d8c3800
0x00007000013d13f0:   000000000000006f 00000001093bf30d
0x00007000013d1400:   00007000013d1b90 00007fce7d8c3800
0x00007000013d1410:   00007000013d1ba0 00007fce7d8c3800
0x00007000013d1420:   000000000000004c 00007fce7d8c3800
0x00007000013d1430:   000000000000004c 00000007c0002368
0x00007000013d1440:   00000007c000f688 000000011c2158e8
0x00007000013d1450:   00007fce7d8c3800 000000011c2158e8
0x00007000013d1460:   00007000013d1470 0000000109556d63
0x00007000013d1470:   00007000013d1490 0000000109302b3a
0x00007000013d1480:   00007fce7d21c680 0000000000497e4b
0x00007000013d1490:   00007000013d14a0 0000000109303eb6
0x00007000013d14a0:   00007000013d14c0 0000000109302c1a
0x00007000013d14b0:   00007fce7d8c3800 00007fce7d8c3800 

Instructions: (pc=0x0000000109608b2f)
0x0000000109608b0f:   90 00 00 00 7d 07 48 83 c4 08 5b 5d c3 48 89 df
0x0000000109608b1f:   48 83 c4 08 5b 5d e9 ae fc ff ff 90 55 48 89 e5
0x0000000109608b2f:   66 83 3f 02 72 15 80 7f 08 5b 75 0f e8 d4 cb d0
0x0000000109608b3f:   ff 84 c0 0f 95 c0 0f b6 c0 5d c3 31 c0 5d c3 90 

Register to memory mapping:

RAX=0x00007fce7be1d988 is an unknown value
RBX=0x00007fce7d8c3800 is a thread
RCX=0x00007fce7d8c3800 is a thread
RDX=0x00007fce7be1d988 is an unknown value
RSP=0x00007000013d12c0 is pointing into the stack for thread: 0x00007fce7d8c3800
RBP=0x00007000013d12c0 is pointing into the stack for thread: 0x00007fce7d8c3800
RSI=0x00007fce7be1d980 is an unknown value
RDI=0x00007f4e7bf1f120 is an unknown value
R8 =0x00007fce7d8c3800 is a thread
R9 =0x0000000000000017 is an unknown value
R10=0x00000001099c1100: _ZN19TemplateInterpreter13_active_tableE+0x3800 in /Library/Java/JavaVirtualMachines/jdk1.8.0_60.jdk/Contents/Home/jre/lib/server/libjvm.dylib at 0x00000001090d4000
R11=0x000000010a29a540 is at entry_point+0 in (nmethod*)0x000000010a29a3d0
R12=0x00007f4e7bf1f120 is an unknown value
R13=0x00007f4e7bf1f120 is an unknown value
R14=0x00007fce7be1d988 is an unknown value
R15=0x00007fce7be1d980 is an unknown value


Stack: [0x00007000012d3000,0x00007000013d3000],  sp=0x00007000013d12c0,  free space=1016k
Native frames: (J=compiled Java code, j=interpreted, Vv=VM code, C=native code)
V  [libjvm.dylib+0x534b2f]  FieldType::is_array(Symbol*)+0x4
V  [libjvm.dylib+0x53378b]  SystemDictionary::resolve_or_null(Symbol*, Handle, Handle, Thread*)+0x25
V  [libjvm.dylib+0x533edb]  SystemDictionary::resolve_or_fail(Symbol*, Handle, Handle, bool, Thread*)+0x31
V  [libjvm.dylib+0x1e1796]  ConstantPool::klass_at_impl(constantPoolHandle, int, Thread*)+0x2ee
V  [libjvm.dylib+0x1f1a5a]  ConstantPool::klass_at(int, Thread*)+0x92
V  [libjvm.dylib+0x3c6eaa]  LinkResolver::resolve_pool(KlassHandle&, Symbol*&, Symbol*&, KlassHandle&, constantPoolHandle, int, Thread*)+0x72
V  [libjvm.dylib+0x3c8bc5]  LinkResolver::resolve_invokevirtual(CallInfo&, Handle, constantPoolHandle, int, Thread*)+0xa3
V  [libjvm.dylib+0x3ca749]  LinkResolver::resolve_invoke(CallInfo&, Handle, constantPoolHandle, int, Bytecodes::Code, Thread*)+0x205
V  [libjvm.dylib+0x2e4efd]  InterpreterRuntime::resolve_invoke(JavaThread*, Bytecodes::Code)+0x371
j  com.android.dx.cf.code.BasicBlocker.visitSwitch(IIILcom/android/dx/cf/code/SwitchList;I)V+10
j  com.android.dx.cf.code.BytecodeArray.parseLookupswitch(ILcom/android/dx/cf/code/BytecodeArray$Visitor;)I+167
j  com.android.dx.cf.code.BytecodeArray.parseInstruction(ILcom/android/dx/cf/code/BytecodeArray$Visitor;)I+2354
j  com.android.dx.cf.code.BytecodeArray.processWorkSet([ILcom/android/dx/cf/code/BytecodeArray$Visitor;)V+35
j  com.android.dx.cf.code.BasicBlocker.doit()V+53
j  com.android.dx.cf.code.BasicBlocker.identifyBlocks(Lcom/android/dx/cf/code/ConcreteMethod;)Lcom/android/dx/cf/code/ByteBlockList;+10
j  com.android.dx.cf.code.Ropper.<init>(Lcom/android/dx/cf/code/ConcreteMethod;Lcom/android/dx/rop/code/TranslationAdvice;Lcom/android/dx/cf/iface/MethodList;)V+39
j  com.android.dx.cf.code.Ropper.convert(Lcom/android/dx/cf/code/ConcreteMethod;Lcom/android/dx/rop/code/TranslationAdvice;Lcom/android/dx/cf/iface/MethodList;)Lcom/android/dx/rop/code/RopMethod;+7
j  com.android.dx.dex.cf.CfTranslator.processMethods(Lcom/android/dx/cf/direct/DirectClassFile;Lcom/android/dx/dex/cf/CfOptions;Lcom/android/dx/dex/DexOptions;Lcom/android/dx/dex/file/ClassDefItem;Lcom/android/dx/dex/file/DexFile;)V+176
j  com.android.dx.dex.cf.CfTranslator.translate0(Lcom/android/dx/cf/direct/DirectClassFile;[BLcom/android/dx/dex/cf/CfOptions;Lcom/android/dx/dex/DexOptions;Lcom/android/dx/dex/file/DexFile;)Lcom/android/dx/dex/file/ClassDefItem;+120
j  com.android.dx.dex.cf.CfTranslator.translate(Lcom/android/dx/cf/direct/DirectClassFile;[BLcom/android/dx/dex/cf/CfOptions;Lcom/android/dx/dex/DexOptions;Lcom/android/dx/dex/file/DexFile;)Lcom/android/dx/dex/file/ClassDefItem;+6
j  com.android.dx.command.dexer.Main.translateClass([BLcom/android/dx/cf/direct/DirectClassFile;)Lcom/android/dx/dex/file/ClassDefItem;+17
j  com.android.dx.command.dexer.Main.access$2700([BLcom/android/dx/cf/direct/DirectClassFile;)Lcom/android/dx/dex/file/ClassDefItem;+2
j  com.android.dx.command.dexer.Main$ClassTranslatorTask.call()Lcom/android/dx/dex/file/ClassDefItem;+8
j  com.android.dx.command.dexer.Main$ClassTranslatorTask.call()Ljava/lang/Object;+1
j  java.util.concurrent.FutureTask.run()V+42
j  java.util.concurrent.ThreadPoolExecutor.runWorker(Ljava/util/concurrent/ThreadPoolExecutor$Worker;)V+95
j  java.util.concurrent.ThreadPoolExecutor$Worker.run()V+5
j  java.lang.Thread.run()V+11
v  ~StubRoutines::call_stub
V  [libjvm.dylib+0x2eab0e]  JavaCalls::call_helper(JavaValue*, methodHandle*, JavaCallArguments*, Thread*)+0x6ae
V  [libjvm.dylib+0x2eb29c]  JavaCalls::call_virtual(JavaValue*, KlassHandle, Symbol*, Symbol*, JavaCallArguments*, Thread*)+0x164
V  [libjvm.dylib+0x2eb448]  JavaCalls::call_virtual(JavaValue*, Handle, KlassHandle, Symbol*, Symbol*, Thread*)+0x4a
V  [libjvm.dylib+0x345965]  thread_entry(JavaThread*, Thread*)+0x7c
V  [libjvm.dylib+0x5612d3]  JavaThread::thread_main_inner()+0x9b
V  [libjvm.dylib+0x5629ce]  JavaThread::run()+0x1c2
V  [libjvm.dylib+0x48343a]  java_start(Thread*)+0xf6
C  [libsystem_pthread.dylib+0x3c13]  _pthread_body+0x83
C  [libsystem_pthread.dylib+0x3b90]  _pthread_body+0x0
C  [libsystem_pthread.dylib+0x1375]  thread_start+0xd
C  0x0000000000000000

Java frames: (J=compiled Java code, j=interpreted, Vv=VM code)
j  com.android.dx.cf.code.BasicBlocker.visitSwitch(IIILcom/android/dx/cf/code/SwitchList;I)V+10
j  com.android.dx.cf.code.BytecodeArray.parseLookupswitch(ILcom/android/dx/cf/code/BytecodeArray$Visitor;)I+167
j  com.android.dx.cf.code.BytecodeArray.parseInstruction(ILcom/android/dx/cf/code/BytecodeArray$Visitor;)I+2354
j  com.android.dx.cf.code.BytecodeArray.processWorkSet([ILcom/android/dx/cf/code/BytecodeArray$Visitor;)V+35
j  com.android.dx.cf.code.BasicBlocker.doit()V+53
j  com.android.dx.cf.code.BasicBlocker.identifyBlocks(Lcom/android/dx/cf/code/ConcreteMethod;)Lcom/android/dx/cf/code/ByteBlockList;+10
j  com.android.dx.cf.code.Ropper.<init>(Lcom/android/dx/cf/code/ConcreteMethod;Lcom/android/dx/rop/code/TranslationAdvice;Lcom/android/dx/cf/iface/MethodList;)V+39
j  com.android.dx.cf.code.Ropper.convert(Lcom/android/dx/cf/code/ConcreteMethod;Lcom/android/dx/rop/code/TranslationAdvice;Lcom/android/dx/cf/iface/MethodList;)Lcom/android/dx/rop/code/RopMethod;+7
j  com.android.dx.dex.cf.CfTranslator.processMethods(Lcom/android/dx/cf/direct/DirectClassFile;Lcom/android/dx/dex/cf/CfOptions;Lcom/android/dx/dex/DexOptions;Lcom/android/dx/dex/file/ClassDefItem;Lcom/android/dx/dex/file/DexFile;)V+176
j  com.android.dx.dex.cf.CfTranslator.translate0(Lcom/android/dx/cf/direct/DirectClassFile;[BLcom/android/dx/dex/cf/CfOptions;Lcom/android/dx/dex/DexOptions;Lcom/android/dx/dex/file/DexFile;)Lcom/android/dx/dex/file/ClassDefItem;+120
j  com.android.dx.dex.cf.CfTranslator.translate(Lcom/android/dx/cf/direct/DirectClassFile;[BLcom/android/dx/dex/cf/CfOptions;Lcom/android/dx/dex/DexOptions;Lcom/android/dx/dex/file/DexFile;)Lcom/android/dx/dex/file/ClassDefItem;+6
j  com.android.dx.command.dexer.Main.translateClass([BLcom/android/dx/cf/direct/DirectClassFile;)Lcom/android/dx/dex/file/ClassDefItem;+17
j  com.android.dx.command.dexer.Main.access$2700([BLcom/android/dx/cf/direct/DirectClassFile;)Lcom/android/dx/dex/file/ClassDefItem;+2
j  com.android.dx.command.dexer.Main$ClassTranslatorTask.call()Lcom/android/dx/dex/file/ClassDefItem;+8
j  com.android.dx.command.dexer.Main$ClassTranslatorTask.call()Ljava/lang/Object;+1
j  java.util.concurrent.FutureTask.run()V+42
j  java.util.concurrent.ThreadPoolExecutor.runWorker(Ljava/util/concurrent/ThreadPoolExecutor$Worker;)V+95
j  java.util.concurrent.ThreadPoolExecutor$Worker.run()V+5
j  java.lang.Thread.run()V+11
v  ~StubRoutines::call_stub

---------------  P R O C E S S  ---------------

Java Threads: ( => current thread )
  0x00007fce7c95c000 JavaThread "pool-2-thread-4" [_thread_in_Java, id=22019, stack(0x00007000014d9000,0x00007000015d9000)]
  0x00007fce7d911800 JavaThread "pool-2-thread-3" [_thread_in_Java, id=21507, stack(0x00007000013d6000,0x00007000014d6000)]
=>0x00007fce7d8c3800 JavaThread "pool-2-thread-2" [_thread_in_vm, id=20995, stack(0x00007000012d3000,0x00007000013d3000)]
  0x00007fce7ca1f000 JavaThread "pool-3-thread-1" [_thread_blocked, id=20483, stack(0x00007000011d0000,0x00007000012d0000)]
  0x00007fce7d1e2000 JavaThread "pool-2-thread-1" [_thread_in_vm, id=19971, stack(0x00007000010cd000,0x00007000011cd000)]
  0x00007fce7d028800 JavaThread "Service Thread" daemon [_thread_blocked, id=18947, stack(0x0000700000ec7000,0x0000700000fc7000)]
  0x00007fce7c063000 JavaThread "C1 CompilerThread2" daemon [_thread_in_vm, id=18435, stack(0x0000700000dc4000,0x0000700000ec4000)]
  0x00007fce7d01f800 JavaThread "C2 CompilerThread1" daemon [_thread_in_native, id=17923, stack(0x0000700000cc1000,0x0000700000dc1000)]
  0x00007fce7d01e000 JavaThread "C2 CompilerThread0" daemon [_thread_in_native, id=17411, stack(0x0000700000bbe000,0x0000700000cbe000)]
  0x00007fce7d036800 JavaThread "Signal Dispatcher" daemon [_thread_blocked, id=16659, stack(0x0000700000abb000,0x0000700000bbb000)]
  0x00007fce7c060800 JavaThread "Finalizer" daemon [_thread_blocked, id=11779, stack(0x000070000082f000,0x000070000092f000)]
  0x00007fce7d804000 JavaThread "Reference Handler" daemon [_thread_blocked, id=11267, stack(0x000070000072c000,0x000070000082c000)]
  0x00007fce7d002000 JavaThread "main" [_thread_in_vm, id=4099, stack(0x0000700000084000,0x0000700000184000)]

Other Threads:
  0x00007fce7c05f800 VMThread [stack: 0x0000700000629000,0x0000700000729000] [id=10755]
  0x00007fce7d805000 WatcherThread [stack: 0x0000700000fca000,0x00007000010ca000] [id=19459]

VM state:not at safepoint (normal execution)

VM Mutex/Monitor currently owned by a thread: None

Heap:
 PSYoungGen      total 76288K, used 38059K [0x00000007aab00000, 0x00000007b0000000, 0x00000007c0000000)
  eden space 65536K, 58% used [0x00000007aab00000,0x00000007ad02ac60,0x00000007aeb00000)
  from space 10752K, 0% used [0x00000007af580000,0x00000007af580000,0x00000007b0000000)
  to   space 10752K, 0% used [0x00000007aeb00000,0x00000007aeb00000,0x00000007af580000)
 ParOldGen       total 175104K, used 0K [0x0000000780000000, 0x000000078ab00000, 0x00000007aab00000)
  object space 175104K, 0% used [0x0000000780000000,0x0000000780000000,0x000000078ab00000)
 Metaspace       used 5607K, capacity 6640K, committed 6784K, reserved 1056768K
  class space    used 586K, capacity 616K, committed 640K, reserved 1048576K

Card table byte_map: [0x0000000119e00000,0x000000011a001000] byte_map_base: 0x0000000116200000

Marking Bits: (ParMarkBitMap*) 0x00000001099b2e20
 Begin Bits: [0x000000011a001000, 0x000000011b001000)
 End Bits:   [0x000000011b001000, 0x000000011c001000)

Polling page: 0x000000010a0a0000

CodeCache: size=245760Kb used=2101Kb max_used=2113Kb free=243658Kb
 bounds [0x000000010a0b3000, 0x000000010a323000, 0x00000001190b3000]
 total_blobs=802 nmethods=534 adapters=182
 compilation: enabled

Compilation events (10 events):
Event: 0.759 Thread 0x00007fce7c063000 nmethod 559 0x000000010a2ba190 code [0x000000010a2ba300, 0x000000010a2ba4c8]
Event: 0.759 Thread 0x00007fce7c063000  540       2       com.android.dx.ssa.SsaInsn::isResultReg (24 bytes)
Event: 0.759 Thread 0x00007fce7c063000 nmethod 540 0x000000010a2ba5d0 code [0x000000010a2ba740, 0x000000010a2ba8d0]
Event: 0.759 Thread 0x00007fce7c063000  545       2       com.android.dx.rop.code.BasicBlockList$RegCountVisitor::processReg (19 bytes)
Event: 0.760 Thread 0x00007fce7c063000 nmethod 545 0x000000010a2ba990 code [0x000000010a2bab00, 0x000000010a2bacd8]
Event: 0.760 Thread 0x00007fce7c063000  546       2       com.android.dx.rop.code.RegisterSpec::getNextReg (10 bytes)
Event: 0.760 Thread 0x00007fce7c063000 nmethod 546 0x000000010a2bae50 code [0x000000010a2bafc0, 0x000000010a2bb178]
Event: 0.760 Thread 0x00007fce7c063000  544       2       java.util.ArrayList$SubList::checkForComodification (23 bytes)
Event: 0.760 Thread 0x00007fce7c063000 nmethod 544 0x000000010a2bb290 code [0x000000010a2bb400, 0x000000010a2bb5c8]
Event: 0.760 Thread 0x00007fce7c063000  537       2       java.util.Collections$UnmodifiableCollection$1::next (10 bytes)

GC Heap History (0 events):
No events

Deoptimization events (2 events):
Event: 0.366 Thread 0x00007fce7d002000 Uncommon trap: reason=unstable_if action=reinterpret pc=0x000000010a20c42c method=java.util.regex.Pattern$BnM.match(Ljava/util/regex/Matcher;ILjava/lang/CharSequence;)Z @ 56
Event: 0.599 Thread 0x00007fce7d002000 Uncommon trap: reason=unstable_if action=reinterpret pc=0x000000010a1fd74c method=java.lang.String.indexOf(II)I @ 49

Internal exceptions (5 events):
Event: 0.032 Thread 0x00007fce7d002000 Exception <a 'java/lang/NoSuchMethodError': Method sun.misc.Unsafe.defineClass(Ljava/lang/String;[BII)Ljava/lang/Class; name or signature does not match> (0x00000007aab12f10) thrown at [/Users/java_re/workspace/8-2-build-macosx-x86_64/jdk8u60/4407/hotspot
Event: 0.032 Thread 0x00007fce7d002000 Exception <a 'java/lang/NoSuchMethodError': Method sun.misc.Unsafe.prefetchRead(Ljava/lang/Object;J)V name or signature does not match> (0x00000007aab131f8) thrown at [/Users/java_re/workspace/8-2-build-macosx-x86_64/jdk8u60/4407/hotspot/src/share/vm/prim
Event: 0.107 Thread 0x00007fce7d002000 Exception <a 'java/util/zip/ZipException'> (0x00000007aab63a60) thrown at [/Users/java_re/workspace/8-2-build-macosx-x86_64/jdk8u60/4407/hotspot/src/share/vm/prims/jni.cpp, line 709]
Event: 0.107 Thread 0x00007fce7d002000 Exception <a 'java/security/PrivilegedActionException'> (0x00000007aab63d00) thrown at [/Users/java_re/workspace/8-2-build-macosx-x86_64/jdk8u60/4407/hotspot/src/share/vm/prims/jvm.cpp, line 1386]
Event: 0.107 Thread 0x00007fce7d002000 Exception <a 'java/security/PrivilegedActionException'> (0x00000007aab63f10) thrown at [/Users/java_re/workspace/8-2-build-macosx-x86_64/jdk8u60/4407/hotspot/src/share/vm/prims/jvm.cpp, line 1386]

Events (10 events):
Event: 0.719 loading class com/android/dx/rop/annotation/AnnotationsList
Event: 0.719 loading class com/android/dx/rop/annotation/AnnotationsList done
Event: 0.719 loading class com/android/dx/dex/file/MethodIdItem
Event: 0.719 loading class com/android/dx/dex/file/MethodIdItem done
Event: 0.723 loading class com/android/dx/dex/file/MethodAnnotationStruct
Event: 0.723 loading class com/android/dx/dex/file/MethodAnnotationStruct done
Event: 0.725 loading class com/android/dx/ssa/back/FirstFitLocalCombiningAllocator$Multiset
Event: 0.725 loading class com/android/dx/ssa/back/FirstFitLocalCombiningAllocator$Multiset done
Event: 0.758 loading class com/android/dx/cf/code/SwitchList
Event: 0.758 loading class com/android/dx/cf/code/SwitchList done


Dynamic libraries:
0x0000000005f2b000 	/System/Library/Frameworks/Cocoa.framework/Versions/A/Cocoa
0x0000000005f2b000 	/System/Library/Frameworks/Security.framework/Versions/A/Security
0x0000000005f2b000 	/System/Library/Frameworks/ApplicationServices.framework/Versions/A/ApplicationServices
0x0000000005f2b000 	/usr/lib/libz.1.dylib
0x0000000005f2b000 	/usr/lib/libSystem.B.dylib
0x0000000005f2b000 	/usr/lib/libobjc.A.dylib
0x0000000005f2b000 	/System/Library/Frameworks/CoreFoundation.framework/Versions/A/CoreFoundation
0x0000000005f2b000 	/System/Library/Frameworks/Foundation.framework/Versions/C/Foundation
0x0000000005f2b000 	/System/Library/Frameworks/AppKit.framework/Versions/C/AppKit
0x0000000005f2b000 	/System/Library/Frameworks/CoreData.framework/Versions/A/CoreData
0x0000000005f2b000 	/System/Library/PrivateFrameworks/RemoteViewServices.framework/Versions/A/RemoteViewServices
0x0000000005f2b000 	/System/Library/PrivateFrameworks/UIFoundation.framework/Versions/A/UIFoundation
0x0000000005f2b000 	/usr/lib/libScreenReader.dylib
0x0000000005f2b000 	/System/Library/Frameworks/Accelerate.framework/Versions/A/Accelerate
0x0000000005f2b000 	/System/Library/Frameworks/IOSurface.framework/Versions/A/IOSurface
0x0000000005f2b000 	/System/Library/Frameworks/AudioToolbox.framework/Versions/A/AudioToolbox
0x0000000005f2b000 	/System/Library/Frameworks/AudioUnit.framework/Versions/A/AudioUnit
0x0000000005f2b000 	/System/Library/PrivateFrameworks/DataDetectorsCore.framework/Versions/A/DataDetectorsCore
0x0000000005f2b000 	/System/Library/PrivateFrameworks/DesktopServicesPriv.framework/Versions/A/DesktopServicesPriv
0x0000000005f2b000 	/System/Library/Frameworks/Carbon.framework/Versions/A/Frameworks/HIToolbox.framework/Versions/A/HIToolbox
0x0000000005f2b000 	/System/Library/Frameworks/QuartzCore.framework/Versions/A/QuartzCore
0x0000000005f2b000 	/System/Library/Frameworks/Carbon.framework/Versions/A/Frameworks/SpeechRecognition.framework/Versions/A/SpeechRecognition
0x0000000005f2b000 	/usr/lib/libauto.dylib
0x0000000005f2b000 	/usr/lib/libicucore.A.dylib
0x0000000005f2b000 	/usr/lib/libxml2.2.dylib
0x0000000005f2b000 	/System/Library/PrivateFrameworks/CoreUI.framework/Versions/A/CoreUI
0x0000000005f2b000 	/System/Library/Frameworks/CoreAudio.framework/Versions/A/CoreAudio
0x0000000005f2b000 	/System/Library/Frameworks/DiskArbitration.framework/Versions/A/DiskArbitration
0x0000000005f2b000 	/usr/lib/liblangid.dylib
0x0000000005f2b000 	/System/Library/PrivateFrameworks/MultitouchSupport.framework/Versions/A/MultitouchSupport
0x0000000005f2b000 	/System/Library/Frameworks/IOKit.framework/Versions/A/IOKit
0x0000000005f2b000 	/usr/lib/libDiagnosticMessagesClient.dylib
0x0000000005f2b000 	/System/Library/Frameworks/CoreServices.framework/Versions/A/CoreServices
0x0000000005f2b000 	/System/Library/PrivateFrameworks/PerformanceAnalysis.framework/Versions/A/PerformanceAnalysis
0x0000000005f2b000 	/System/Library/PrivateFrameworks/GenerationalStorage.framework/Versions/A/GenerationalStorage
0x0000000005f2b000 	/System/Library/Frameworks/OpenGL.framework/Versions/A/OpenGL
0x0000000005f2b000 	/System/Library/PrivateFrameworks/Sharing.framework/Versions/A/Sharing
0x0000000005f2b000 	/System/Library/Frameworks/CoreGraphics.framework/Versions/A/CoreGraphics
0x0000000005f2b000 	/System/Library/Frameworks/CoreImage.framework/Versions/A/CoreImage
0x0000000005f2b000 	/System/Library/Frameworks/CoreText.framework/Versions/A/CoreText
0x0000000005f2b000 	/System/Library/Frameworks/ImageIO.framework/Versions/A/ImageIO
0x0000000005f2b000 	/System/Library/PrivateFrameworks/Backup.framework/Versions/A/Backup
0x0000000005f2b000 	/usr/lib/libextension.dylib
0x0000000005f2b000 	/usr/lib/libarchive.2.dylib
0x0000000005f2b000 	/System/Library/Frameworks/CFNetwork.framework/Versions/A/CFNetwork
0x0000000005f2b000 	/System/Library/Frameworks/SystemConfiguration.framework/Versions/A/SystemConfiguration
0x0000000005f2b000 	/usr/lib/libCRFSuite.dylib
0x0000000005f2b000 	/usr/lib/libc++.1.dylib
0x0000000005f2b000 	/usr/lib/libc++abi.dylib
0x0000000005f2b000 	/usr/lib/system/libcache.dylib
0x0000000005f2b000 	/usr/lib/system/libcommonCrypto.dylib
0x0000000005f2b000 	/usr/lib/system/libcompiler_rt.dylib
0x0000000005f2b000 	/usr/lib/system/libcopyfile.dylib
0x0000000005f2b000 	/usr/lib/system/libcorecrypto.dylib
0x0000000005f2b000 	/usr/lib/system/libdispatch.dylib
0x0000000005f2b000 	/usr/lib/system/libdyld.dylib
0x0000000005f2b000 	/usr/lib/system/libkeymgr.dylib
0x0000000005f2b000 	/usr/lib/system/liblaunch.dylib
0x0000000005f2b000 	/usr/lib/system/libmacho.dylib
0x0000000005f2b000 	/usr/lib/system/libquarantine.dylib
0x0000000005f2b000 	/usr/lib/system/libremovefile.dylib
0x0000000005f2b000 	/usr/lib/system/libsystem_asl.dylib
0x0000000005f2b000 	/usr/lib/system/libsystem_blocks.dylib
0x0000000005f2b000 	/usr/lib/system/libsystem_c.dylib
0x0000000005f2b000 	/usr/lib/system/libsystem_configuration.dylib
0x0000000005f2b000 	/usr/lib/system/libsystem_coreservices.dylib
0x0000000005f2b000 	/usr/lib/system/libsystem_coretls.dylib
0x0000000005f2b000 	/usr/lib/system/libsystem_dnssd.dylib
0x0000000005f2b000 	/usr/lib/system/libsystem_info.dylib
0x0000000005f2b000 	/usr/lib/system/libsystem_kernel.dylib
0x0000000005f2b000 	/usr/lib/system/libsystem_m.dylib
0x0000000005f2b000 	/usr/lib/system/libsystem_malloc.dylib
0x0000000005f2b000 	/usr/lib/system/libsystem_network.dylib
0x0000000005f2b000 	/usr/lib/system/libsystem_networkextension.dylib
0x0000000005f2b000 	/usr/lib/system/libsystem_notify.dylib
0x0000000005f2b000 	/usr/lib/system/libsystem_platform.dylib
0x0000000005f2b000 	/usr/lib/system/libsystem_pthread.dylib
0x0000000005f2b000 	/usr/lib/system/libsystem_sandbox.dylib
0x0000000005f2b000 	/usr/lib/system/libsystem_secinit.dylib
0x0000000005f2b000 	/usr/lib/system/libsystem_trace.dylib
0x0000000005f2b000 	/usr/lib/system/libunc.dylib
0x0000000005f2b000 	/usr/lib/system/libunwind.dylib
0x0000000005f2b000 	/usr/lib/system/libxpc.dylib
0x0000000005f2b000 	/usr/lib/libenergytrace.dylib
0x0000000005f2b000 	/usr/lib/libbsm.0.dylib
0x0000000005f2b000 	/usr/lib/system/libkxld.dylib
0x0000000005f2b000 	/usr/lib/libxar.1.dylib
0x0000000005f2b000 	/usr/lib/libsqlite3.dylib
0x0000000005f2b000 	/usr/lib/libpam.2.dylib
0x0000000005f2b000 	/usr/lib/libOpenScriptingUtil.dylib
0x0000000005f2b000 	/usr/lib/libbz2.1.0.dylib
0x0000000005f2b000 	/usr/lib/liblzma.5.dylib
0x0000000005f2b000 	/System/Library/Frameworks/CoreServices.framework/Versions/A/Frameworks/FSEvents.framework/Versions/A/FSEvents
0x0000000005f2b000 	/System/Library/Frameworks/CoreServices.framework/Versions/A/Frameworks/CarbonCore.framework/Versions/A/CarbonCore
0x0000000005f2b000 	/System/Library/Frameworks/CoreServices.framework/Versions/A/Frameworks/Metadata.framework/Versions/A/Metadata
0x0000000005f2b000 	/System/Library/Frameworks/CoreServices.framework/Versions/A/Frameworks/OSServices.framework/Versions/A/OSServices
0x0000000005f2b000 	/System/Library/Frameworks/CoreServices.framework/Versions/A/Frameworks/SearchKit.framework/Versions/A/SearchKit
0x0000000005f2b000 	/System/Library/Frameworks/CoreServices.framework/Versions/A/Frameworks/AE.framework/Versions/A/AE
0x0000000005f2b000 	/System/Library/Frameworks/CoreServices.framework/Versions/A/Frameworks/LaunchServices.framework/Versions/A/LaunchServices
0x0000000005f2b000 	/System/Library/Frameworks/CoreServices.framework/Versions/A/Frameworks/DictionaryServices.framework/Versions/A/DictionaryServices
0x0000000005f2b000 	/System/Library/Frameworks/CoreServices.framework/Versions/A/Frameworks/SharedFileList.framework/Versions/A/SharedFileList
0x0000000005f2b000 	/System/Library/Frameworks/NetFS.framework/Versions/A/NetFS
0x0000000005f2b000 	/System/Library/PrivateFrameworks/NetAuth.framework/Versions/A/NetAuth
0x0000000005f2b000 	/System/Library/PrivateFrameworks/login.framework/Versions/A/Frameworks/loginsupport.framework/Versions/A/loginsupport
0x0000000005f2b000 	/System/Library/PrivateFrameworks/TCC.framework/Versions/A/TCC
0x0000000005f2b000 	/usr/lib/libmecabra.dylib
0x0000000005f2b000 	/System/Library/Frameworks/ApplicationServices.framework/Versions/A/Frameworks/ATS.framework/Versions/A/ATS
0x0000000005f2b000 	/System/Library/Frameworks/ApplicationServices.framework/Versions/A/Frameworks/ColorSync.framework/Versions/A/ColorSync
0x0000000005f2b000 	/System/Library/Frameworks/ApplicationServices.framework/Versions/A/Frameworks/HIServices.framework/Versions/A/HIServices
0x0000000005f2b000 	/System/Library/Frameworks/ApplicationServices.framework/Versions/A/Frameworks/LangAnalysis.framework/Versions/A/LangAnalysis
0x0000000005f2b000 	/System/Library/Frameworks/ApplicationServices.framework/Versions/A/Frameworks/PrintCore.framework/Versions/A/PrintCore
0x0000000005f2b000 	/System/Library/Frameworks/ApplicationServices.framework/Versions/A/Frameworks/QD.framework/Versions/A/QD
0x0000000005f2b000 	/System/Library/Frameworks/ApplicationServices.framework/Versions/A/Frameworks/SpeechSynthesis.framework/Versions/A/SpeechSynthesis
0x0000000005f2b000 	/System/Library/Frameworks/Metal.framework/Versions/A/Metal
0x0000000005f2b000 	/System/Library/Frameworks/Accelerate.framework/Versions/A/Frameworks/vImage.framework/Versions/A/vImage
0x0000000005f2b000 	/System/Library/Frameworks/Accelerate.framework/Versions/A/Frameworks/vecLib.framework/Versions/A/vecLib
0x0000000005f2b000 	/System/Library/Frameworks/Accelerate.framework/Versions/A/Frameworks/vecLib.framework/Versions/A/libvDSP.dylib
0x0000000005f2b000 	/System/Library/Frameworks/Accelerate.framework/Versions/A/Frameworks/vecLib.framework/Versions/A/libvMisc.dylib
0x0000000005f2b000 	/System/Library/Frameworks/Accelerate.framework/Versions/A/Frameworks/vecLib.framework/Versions/A/libLAPACK.dylib
0x0000000005f2b000 	/System/Library/Frameworks/Accelerate.framework/Versions/A/Frameworks/vecLib.framework/Versions/A/libBLAS.dylib
0x0000000005f2b000 	/System/Library/Frameworks/Accelerate.framework/Versions/A/Frameworks/vecLib.framework/Versions/A/libLinearAlgebra.dylib
0x0000000005f2b000 	/System/Library/Frameworks/Accelerate.framework/Versions/A/Frameworks/vecLib.framework/Versions/A/libSparseBLAS.dylib
0x0000000005f2b000 	/System/Library/PrivateFrameworks/GPUCompiler.framework/libmetal_timestamp.dylib
0x0000000005f2b000 	/System/Library/Frameworks/OpenGL.framework/Versions/A/Libraries/libCoreFSCache.dylib
0x0000000005f2b000 	/System/Library/PrivateFrameworks/IOAccelerator.framework/Versions/A/IOAccelerator
0x0000000005f2b000 	/System/Library/Frameworks/ApplicationServices.framework/Versions/A/Frameworks/ATS.framework/Versions/A/Resources/libFontParser.dylib
0x0000000005f2b000 	/System/Library/Frameworks/ApplicationServices.framework/Versions/A/Frameworks/ATS.framework/Versions/A/Resources/libFontRegistry.dylib
0x0000000005f2b000 	/System/Library/PrivateFrameworks/AppleVPA.framework/Versions/A/AppleVPA
0x0000000005f2b000 	/System/Library/PrivateFrameworks/AppleJPEG.framework/Versions/A/AppleJPEG
0x0000000005f2b000 	/System/Library/Frameworks/ImageIO.framework/Versions/A/Resources/libJPEG.dylib
0x0000000005f2b000 	/System/Library/Frameworks/ImageIO.framework/Versions/A/Resources/libTIFF.dylib
0x0000000005f2b000 	/System/Library/Frameworks/ImageIO.framework/Versions/A/Resources/libPng.dylib
0x0000000005f2b000 	/System/Library/Frameworks/ImageIO.framework/Versions/A/Resources/libGIF.dylib
0x0000000005f2b000 	/System/Library/Frameworks/ImageIO.framework/Versions/A/Resources/libJP2.dylib
0x0000000005f2b000 	/System/Library/Frameworks/ImageIO.framework/Versions/A/Resources/libRadiance.dylib
0x0000000005f2b000 	/System/Library/Frameworks/CoreVideo.framework/Versions/A/CoreVideo
0x0000000005f2b000 	/System/Library/Frameworks/OpenGL.framework/Versions/A/Libraries/libGLU.dylib
0x0000000005f2b000 	/System/Library/Frameworks/OpenGL.framework/Versions/A/Libraries/libGFXShared.dylib
0x0000000005f2b000 	/System/Library/Frameworks/OpenGL.framework/Versions/A/Libraries/libGL.dylib
0x0000000005f2b000 	/System/Library/Frameworks/OpenGL.framework/Versions/A/Libraries/libGLImage.dylib
0x0000000005f2b000 	/System/Library/Frameworks/OpenGL.framework/Versions/A/Libraries/libCVMSPluginSupport.dylib
0x0000000005f2b000 	/System/Library/Frameworks/OpenGL.framework/Versions/A/Libraries/libCoreVMClient.dylib
0x0000000005f2b000 	/usr/lib/libcups.2.dylib
0x0000000005f2b000 	/System/Library/Frameworks/Kerberos.framework/Versions/A/Kerberos
0x0000000005f2b000 	/System/Library/Frameworks/GSS.framework/Versions/A/GSS
0x0000000005f2b000 	/usr/lib/libresolv.9.dylib
0x0000000005f2b000 	/usr/lib/libiconv.2.dylib
0x0000000005f2b000 	/System/Library/PrivateFrameworks/Heimdal.framework/Versions/A/Heimdal
0x0000000005f2b000 	/usr/lib/libheimdal-asn1.dylib
0x0000000005f2b000 	/System/Library/Frameworks/OpenDirectory.framework/Versions/A/OpenDirectory
0x0000000005f2b000 	/System/Library/PrivateFrameworks/CommonAuth.framework/Versions/A/CommonAuth
0x0000000005f2b000 	/System/Library/Frameworks/OpenDirectory.framework/Versions/A/Frameworks/CFOpenDirectory.framework/Versions/A/CFOpenDirectory
0x0000000005f2b000 	/System/Library/Frameworks/SecurityFoundation.framework/Versions/A/SecurityFoundation
0x0000000005f2b000 	/System/Library/PrivateFrameworks/LanguageModeling.framework/Versions/A/LanguageModeling
0x0000000005f2b000 	/usr/lib/libmarisa.dylib
0x0000000005f2b000 	/usr/lib/libChineseTokenizer.dylib
0x0000000005f2b000 	/usr/lib/libcmph.dylib
0x0000000005f2b000 	/usr/lib/libcompression.dylib
0x0000000005f2b000 	/System/Library/Frameworks/ServiceManagement.framework/Versions/A/ServiceManagement
0x0000000005f2b000 	/usr/lib/libxslt.1.dylib
0x0000000005f2b000 	/System/Library/Frameworks/Carbon.framework/Versions/A/Frameworks/Ink.framework/Versions/A/Ink
0x0000000005f2b000 	/usr/lib/libFosl_dynamic.dylib
0x0000000005f2b000 	/System/Library/PrivateFrameworks/FaceCore.framework/Versions/A/FaceCore
0x0000000005f2b000 	/System/Library/Frameworks/OpenCL.framework/Versions/A/OpenCL
0x0000000005f2b000 	/System/Library/PrivateFrameworks/CrashReporterSupport.framework/Versions/A/CrashReporterSupport
0x0000000005f2b000 	/System/Library/PrivateFrameworks/IconServices.framework/Versions/A/IconServices
0x0000000005f2b000 	/System/Library/PrivateFrameworks/Apple80211.framework/Versions/A/Apple80211
0x0000000005f2b000 	/System/Library/Frameworks/CoreWLAN.framework/Versions/A/CoreWLAN
0x0000000005f2b000 	/System/Library/Frameworks/IOBluetooth.framework/Versions/A/IOBluetooth
0x0000000005f2b000 	/System/Library/PrivateFrameworks/CoreWiFi.framework/Versions/A/CoreWiFi
0x0000000005f2b000 	/System/Library/Frameworks/CoreBluetooth.framework/Versions/A/CoreBluetooth
0x0000000005f2b000 	/System/Library/PrivateFrameworks/ChunkingLibrary.framework/Versions/A/ChunkingLibrary
0x0000000005f2b000 	/System/Library/PrivateFrameworks/DebugSymbols.framework/Versions/A/DebugSymbols
0x0000000005f2b000 	/System/Library/PrivateFrameworks/CoreSymbolication.framework/Versions/A/CoreSymbolication
0x0000000005f2b000 	/System/Library/PrivateFrameworks/Symbolication.framework/Versions/A/Symbolication
0x0000000005f2b000 	/System/Library/PrivateFrameworks/SpeechRecognitionCore.framework/Versions/A/SpeechRecognitionCore
0x00000001090d4000 	/Library/Java/JavaVirtualMachines/jdk1.8.0_60.jdk/Contents/Home/jre/lib/server/libjvm.dylib
0x0000000005f2b000 	/usr/lib/libstdc++.6.dylib
0x000000010a05d000 	/Library/Java/JavaVirtualMachines/jdk1.8.0_60.jdk/Contents/Home/jre/lib/libverify.dylib
0x000000010a06b000 	/Library/Java/JavaVirtualMachines/jdk1.8.0_60.jdk/Contents/Home/jre/lib/libjava.dylib
0x000000010a0aa000 	/Library/Java/JavaVirtualMachines/jdk1.8.0_60.jdk/Contents/Home/jre/lib/libzip.dylib
0x00000001195e2000 	/System/Library/Frameworks/JavaVM.framework/Frameworks/JavaRuntimeSupport.framework/JavaRuntimeSupport
0x000000011dccf000 	/System/Library/Frameworks/JavaVM.framework/Versions/A/Frameworks/JavaNativeFoundation.framework/Versions/A/JavaNativeFoundation
0x000000011dce4000 	/System/Library/Frameworks/JavaVM.framework/Versions/A/JavaVM
0x0000000005f2b000 	/System/Library/Frameworks/Carbon.framework/Versions/A/Carbon
0x000000011dcf1000 	/System/Library/PrivateFrameworks/JavaLaunching.framework/Versions/A/JavaLaunching
0x0000000005f2b000 	/System/Library/Frameworks/Carbon.framework/Versions/A/Frameworks/CommonPanels.framework/Versions/A/CommonPanels
0x0000000005f2b000 	/System/Library/Frameworks/Carbon.framework/Versions/A/Frameworks/Help.framework/Versions/A/Help
0x0000000005f2b000 	/System/Library/Frameworks/Carbon.framework/Versions/A/Frameworks/ImageCapture.framework/Versions/A/ImageCapture
0x0000000005f2b000 	/System/Library/Frameworks/Carbon.framework/Versions/A/Frameworks/OpenScripting.framework/Versions/A/OpenScripting
0x0000000005f2b000 	/System/Library/Frameworks/Carbon.framework/Versions/A/Frameworks/Print.framework/Versions/A/Print
0x0000000005f2b000 	/System/Library/Frameworks/Carbon.framework/Versions/A/Frameworks/SecurityHI.framework/Versions/A/SecurityHI

VM Arguments:
jvm_args: -Djava.awt.headless=true -Xmx1024M -Dfile.encoding=UTF-8 -Duser.country=US -Duser.language=en -Duser.variant 
java_command: com.android.dx.command.Main --dex --force-jumbo --num-threads=4 --multi-dex --output /Users/iguest/recommendMe/RecommendMe/app/build/intermediates/transforms/dex/debug/folders/1000/10/com.google.android.gms-play-services-ads-8.4.0_b57f011b0e51b7b7c90da97b83023d856be0e97f /Users/iguest/recommendMe/RecommendMe/app/build/intermediates/exploded-aar/com.google.android.gms/play-services-ads/8.4.0/jars/classes.jar
java_class_path (initial): /Users/iguest/Library/Android/sdk/build-tools/23.0.2/lib/dx.jar
Launcher Type: SUN_STANDARD

Environment Variables:
PATH=/usr/bin:/bin:/usr/sbin:/sbin
SHELL=/bin/bash

Signal Handlers:
SIGSEGV: [libjvm.dylib+0x5a6d31], sa_mask[0]=11111111011111110111111111111111, sa_flags=SA_ONSTACK|SA_RESTART|SA_SIGINFO
SIGBUS: [libjvm.dylib+0x5a6d31], sa_mask[0]=11111111011111110111111111111111, sa_flags=SA_RESTART|SA_SIGINFO
SIGFPE: [libjvm.dylib+0x480a4c], sa_mask[0]=11111111011111110111111111111111, sa_flags=SA_RESTART|SA_SIGINFO
SIGPIPE: [libjvm.dylib+0x480a4c], sa_mask[0]=11111111011111110111111111111111, sa_flags=SA_RESTART|SA_SIGINFO
SIGXFSZ: [libjvm.dylib+0x480a4c], sa_mask[0]=11111111011111110111111111111111, sa_flags=SA_RESTART|SA_SIGINFO
SIGILL: [libjvm.dylib+0x480a4c], sa_mask[0]=11111111011111110111111111111111, sa_flags=SA_RESTART|SA_SIGINFO
SIGUSR1: SIG_DFL, sa_mask[0]=00000000000000000000000000000000, sa_flags=none
SIGUSR2: [libjvm.dylib+0x48056a], sa_mask[0]=00100000000000000000000000000000, sa_flags=SA_RESTART|SA_SIGINFO
SIGHUP: [libjvm.dylib+0x47eb41], sa_mask[0]=11111111011111110111111111111111, sa_flags=SA_RESTART|SA_SIGINFO
SIGINT: [libjvm.dylib+0x47eb41], sa_mask[0]=11111111011111110111111111111111, sa_flags=SA_RESTART|SA_SIGINFO
SIGTERM: [libjvm.dylib+0x47eb41], sa_mask[0]=11111111011111110111111111111111, sa_flags=SA_RESTART|SA_SIGINFO
SIGQUIT: [libjvm.dylib+0x47eb41], sa_mask[0]=11111111011111110111111111111111, sa_flags=SA_RESTART|SA_SIGINFO


---------------  S Y S T E M  ---------------

OS:Bsduname:Darwin 15.2.0 Darwin Kernel Version 15.2.0: Fri Nov 13 19:56:56 PST 2015; root:xnu-3248.20.55~2/RELEASE_X86_64 x86_64
rlimit: STACK 8192k, CORE 0k, NPROC 709, NOFILE 10240, AS infinity
load average:4.80 2.54 2.04

CPU:total 4 (4 cores per cpu, 1 threads per core) family 6 model 60 stepping 3, cmov, cx8, fxsr, mmx, sse, sse2, sse3, ssse3, sse4.1, sse4.2, popcnt, avx, avx2, aes, clmul, erms, rtm, lzcnt, tsc, tscinvbit, bmi1, bmi2

Memory: 4k page, physical 16777216k(1115044k free)

/proc/meminfo:


vm_info: Java HotSpot(TM) 64-Bit Server VM (25.60-b23) for bsd-amd64 JRE (1.8.0_60-b27), built on Aug  4 2015 10:47:24 by "java_re" with gcc 4.2.1 (Based on Apple Inc. build 5658) (LLVM build 2336.11.00)

time: Fri Apr 29 11:04:46 2016
elapsed time: 0 seconds (0d 0h 0m 0s)

